<?xml version="1.0" encoding="UTF-8"?>
<testng-results skipped="0" failed="0" ignored="0" total="2" passed="2">
  <reporter-output>
  </reporter-output>
  <suite name="Parallel Testing Suite" duration-ms="13217" started-at="2023-01-27T11:40:18Z" finished-at="2023-01-27T11:40:32Z">
    <groups>
    </groups>
    <test name="Parallel Tests" duration-ms="13217" started-at="2023-01-27T11:40:18Z" finished-at="2023-01-27T11:40:32Z">
      <class name="ParallelTest">
        <test-method status="PASS" signature="firefoxTest()[pri:0, instance:ParallelTest@448ff1a8]" name="firefoxTest" duration-ms="12400" started-at="2023-01-27T11:40:18Z" finished-at="2023-01-27T11:40:31Z">
          <reporter-output>
          </reporter-output>
        </test-method> <!-- firefoxTest -->
        <test-method status="PASS" signature="chromeTest()[pri:0, instance:ParallelTest@448ff1a8]" name="chromeTest" duration-ms="13181" started-at="2023-01-27T11:40:18Z" finished-at="2023-01-27T11:40:32Z">
          <reporter-output>
          </reporter-output>
        </test-method> <!-- chromeTest -->
      </class> <!-- ParallelTest -->
    </test> <!-- Parallel Tests -->
  </suite> <!-- Parallel Testing Suite -->
</testng-results>
