<?xml version="1.0" encoding="UTF-8"?>
<testng-results skipped="0" failed="0" ignored="0" total="2" passed="2">
  <reporter-output>
  </reporter-output>
  <suite name="Suite" duration-ms="14635" started-at="2023-01-28T13:01:27Z" finished-at="2023-01-28T13:01:42Z">
    <groups>
    </groups>
    <test name="FirefoxTest" duration-ms="9465" started-at="2023-01-28T13:01:27Z" finished-at="2023-01-28T13:01:36Z">
      <class name="MultiBrowser">
        <test-method status="PASS" signature="beforeTest(java.lang.String)[pri:0, instance:MultiBrowser@57d5872c]" name="beforeTest" is-config="true" duration-ms="5666" started-at="2023-01-28T13:01:27Z" finished-at="2023-01-28T13:01:33Z">
          <params>
            <param index="0">
              <value>
                <![CDATA[firefox]]>
              </value>
            </param>
          </params>
          <reporter-output>
          </reporter-output>
        </test-method> <!-- beforeTest -->
        <test-method status="PASS" signature="test()[pri:0, instance:MultiBrowser@57d5872c]" name="test" duration-ms="3787" started-at="2023-01-28T13:01:33Z" finished-at="2023-01-28T13:01:36Z">
          <reporter-output>
          </reporter-output>
        </test-method> <!-- test -->
      </class> <!-- MultiBrowser -->
    </test> <!-- FirefoxTest -->
    <test name="ChromeTest" duration-ms="5160" started-at="2023-01-28T13:01:36Z" finished-at="2023-01-28T13:01:42Z">
      <class name="MultiBrowser">
        <test-method status="PASS" signature="beforeTest(java.lang.String)[pri:0, instance:MultiBrowser@123f1134]" name="beforeTest" is-config="true" duration-ms="2738" started-at="2023-01-28T13:01:36Z" finished-at="2023-01-28T13:01:39Z">
          <params>
            <param index="0">
              <value>
                <![CDATA[chrome]]>
              </value>
            </param>
          </params>
          <reporter-output>
          </reporter-output>
        </test-method> <!-- beforeTest -->
        <test-method status="PASS" signature="test()[pri:0, instance:MultiBrowser@123f1134]" name="test" duration-ms="2421" started-at="2023-01-28T13:01:39Z" finished-at="2023-01-28T13:01:42Z">
          <reporter-output>
          </reporter-output>
        </test-method> <!-- test -->
      </class> <!-- MultiBrowser -->
    </test> <!-- ChromeTest -->
  </suite> <!-- Suite -->
</testng-results>
